 
% SZS status Started for /shareddata/TPTP-v4.0.1/Problems/CSR/CSR075+1.p
 
LTB.SMO Slices

Slice "-ss included -sd 0 -st 1.5" for 60 seconds

Slice "-ss included -sd 0 -st 3" for 60 seconds

Slice "-ss included -sd 2 -st 5 " for 60 seconds

Slice "-ss included -sd 6 -st 1.5" for 60 seconds








% SZS status Theorem for /shareddata/TPTP-v4.0.1/Problems/CSR/CSR075+1.p
./iprover_sine_single.sh: line 138:  5483 Killed                  ( ulimit -v $MEMLIM -s 300000; "$PROVER" --clausifier "$CLAUSIFIER" --clausifier_options "--mode clausify -t $2 $1" --sat_out_model none --time_out_real $2 $INP >> $3 )
./iprover_sine_single.sh: line 138:  5485 Killed                  ( ulimit -v $MEMLIM -s 300000; "$PROVER" --clausifier "$CLAUSIFIER" --clausifier_options "--mode clausify -t $2 $1" --sat_out_model none --time_out_real $2 $INP >> $3 )
USED TIME: 1.0 CPU 1.1 WC
Killed 2 orphans
 
% SZS status Ended for /shareddata/TPTP-v4.0.1/Problems/CSR/CSR075+1.p
 
 
% SZS status Started for /shareddata/TPTP-v4.0.1/Problems/CSR/CSR075+2.p
 
LTB.SMO Slices

Slice "-ss included -sd 0 -st 1.5" for 60 seconds

Slice "-ss included -sd 0 -st 3" for 60 seconds



Slice "-ss included -sd 2 -st 5 " for 60 seconds


Slice "-ss included -sd 6 -st 1.5" for 60 seconds





% SZS status Theorem for /shareddata/TPTP-v4.0.1/Problems/CSR/CSR075+2.p
./iprover_sine_single.sh: line 138:  6055 Killed                  ( ulimit -v $MEMLIM -s 300000; "$PROVER" --clausifier "$CLAUSIFIER" --clausifier_options "--mode clausify -t $2 $1" --sat_out_model none --time_out_real $2 $INP >> $3 )
USED TIME: 1.7 CPU 1.1 WC
Killed 1 orphans
 
% SZS status Ended for /shareddata/TPTP-v4.0.1/Problems/CSR/CSR075+2.p
 
 
% SZS status Started for /shareddata/TPTP-v4.0.1/Problems/CSR/CSR075+3.p
 
LTB.SMO Slices

Slice "-ss included -sd 0 -st 1.5" for 60 seconds

Slice "-ss included -sd 0 -st 3" for 60 seconds

Slice "-ss included -sd 2 -st 5 " for 60 seconds


Slice "-ss included -sd 6 -st 1.5" for 60 seconds







% SZS status Theorem for /shareddata/TPTP-v4.0.1/Problems/CSR/CSR075+3.p
./iprover_sine_single.sh: line 138:  6908 Killed                  ( ulimit -v $MEMLIM -s 300000; "$PROVER" --clausifier "$CLAUSIFIER" --clausifier_options "--mode clausify -t $2 $1" --sat_out_model none --time_out_real $2 $INP >> $3 )
./iprover_sine_single.sh: line 138:  6910 Killed                  ( ulimit -v $MEMLIM -s 300000; "$PROVER" --clausifier "$CLAUSIFIER" --clausifier_options "--mode clausify -t $2 $1" --sat_out_model none --time_out_real $2 $INP >> $3 )
./iprover_sine_single.sh: line 138:  6919 Killed                  ( ulimit -v $MEMLIM -s 300000; "$PROVER" --clausifier "$CLAUSIFIER" --clausifier_options "--mode clausify -t $2 $1" --sat_out_model none --time_out_real $2 $INP >> $3 )
USED TIME: 3.7 CPU 4.7 WC
Killed 3 orphans
Killed 2 orphans
Killed 1 orphans
 
% SZS status Ended for /shareddata/TPTP-v4.0.1/Problems/CSR/CSR075+3.p
 
 
% SZS status Started for /shareddata/TPTP-v4.0.1/Problems/CSR/CSR075+4.p
 
LTB.SMO Slices

Slice "-ss included -sd 0 -st 1.5" for 60 seconds

Slice "-ss included -sd 0 -st 3" for 60 seconds

Slice "-ss included -sd 2 -st 5 " for 60 seconds

Slice "-ss included -sd 6 -st 1.5" for 60 seconds









Slice "-ss included -sd 8 -st 2" for 60 seconds



Slice "-ss included -sd 10 -st 5" for 60 seconds


% SZS status Theorem for /shareddata/TPTP-v4.0.1/Problems/CSR/CSR075+4.p
./iprover_sine_single.sh: line 138:  8783 Killed                  ( ulimit -v $MEMLIM -s 300000; "$PROVER" --clausifier "$CLAUSIFIER" --clausifier_options "--mode clausify -t $2 $1" --sat_out_model none --time_out_real $2 $INP >> $3 )
./iprover_sine_single.sh: line 138:  8884 Killed                  ( ulimit -v $MEMLIM -s 300000; "$PROVER" --clausifier "$CLAUSIFIER" --clausifier_options "--mode clausify -t $2 $1" --sat_out_model none --time_out_real $2 $INP >> $3 )
./iprover_sine_single.sh: line 138:  8889 Killed                  ( ulimit -v $MEMLIM -s 300000; "$PROVER" --clausifier "$CLAUSIFIER" --clausifier_options "--mode clausify -t $2 $1" --sat_out_model none --time_out_real $2 $INP >> $3 )
USED TIME: 1.0 CPU 1.1 WC
Killed 3 orphans
 
% SZS status Ended for /shareddata/TPTP-v4.0.1/Problems/CSR/CSR075+4.p
 
 
% SZS status Started for /shareddata/TPTP-v4.0.1/Problems/CSR/CSR075+5.p
 
LTB.SMO Slices

Slice "-ss included -sd 0 -st 1.5" for 60 seconds

Slice "-ss included -sd 0 -st 3" for 60 seconds

Slice "-ss included -sd 2 -st 5 " for 60 seconds

Slice "-ss included -sd 6 -st 1.5" for 60 seconds









Slice "-ss included -sd 8 -st 2" for 60 seconds



Slice "-ss included -sd 10 -st 5" for 60 seconds



Slice "-ss included -sd 0 -st 2" for 60 seconds


% SZS status Theorem for /shareddata/TPTP-v4.0.1/Problems/CSR/CSR075+5.p
./iprover_sine_single.sh: line 138:  9461 Killed                  ( ulimit -v $MEMLIM -s 300000; "$PROVER" --clausifier "$CLAUSIFIER" --clausifier_options "--mode clausify -t $2 $1" --sat_out_model none --time_out_real $2 $INP >> $3 )
./iprover_sine_single.sh: line 138:  9508 Killed                  ( ulimit -v $MEMLIM -s 300000; "$PROVER" --clausifier "$CLAUSIFIER" --clausifier_options "--mode clausify -t $2 $1" --sat_out_model none --time_out_real $2 $INP >> $3 )
USED TIME: 7.5 CPU 4.2 WC
Killed 2 orphans
 
% SZS status Ended for /shareddata/TPTP-v4.0.1/Problems/CSR/CSR075+5.p
 
 
% SZS status Started for /shareddata/TPTP-v4.0.1/Problems/CSR/CSR075+6.p
 
LTB.SMO Slices

Slice "-ss included -sd 0 -st 1.5" for 60 seconds

Slice "-ss included -sd 0 -st 3" for 60 seconds

Slice "-ss included -sd 2 -st 5 " for 60 seconds

Slice "-ss included -sd 6 -st 1.5" for 60 seconds









Slice "-ss included -sd 8 -st 2" for 60 seconds

Slice "-ss included -sd 10 -st 5" for 60 seconds




% SZS status Theorem for /shareddata/TPTP-v4.0.1/Problems/CSR/CSR075+6.p
./iprover_sine_single.sh: line 138: 10070 Killed                  ( ulimit -v $MEMLIM -s 300000; "$PROVER" --clausifier "$CLAUSIFIER" --clausifier_options "--mode clausify -t $2 $1" --sat_out_model none --time_out_real $2 $INP >> $3 )
./iprover_sine_single.sh: line 138: 10095 Killed                  ( ulimit -v $MEMLIM -s 300000; "$PROVER" --clausifier "$CLAUSIFIER" --clausifier_options "--mode clausify -t $2 $1" --sat_out_model none --time_out_real $2 $INP >> $3 )
./iprover_sine_single.sh: line 138: 10099 Killed                  ( ulimit -v $MEMLIM -s 300000; "$PROVER" --clausifier "$CLAUSIFIER" --clausifier_options "--mode clausify -t $2 $1" --sat_out_model none --time_out_real $2 $INP >> $3 )
WARNING: TreeLimitedRun lost 71.71s, total lost is 71.71s
USED TIME: 103.6 CPU 32.9 WC
Killed 3 orphans
 
% SZS status Ended for /shareddata/TPTP-v4.0.1/Problems/CSR/CSR075+6.p
 
 
% SZS status Started for /shareddata/TPTP-v4.0.1/Problems/CSR/CSR076+1.p
 
LTB.SMO Slices

Slice "-ss included -sd 0 -st 1.5" for 60 seconds



Slice "-ss included -sd 0 -st 3" for 60 seconds



Slice "-ss included -sd 2 -st 5 " for 60 seconds

Slice "-ss included -sd 6 -st 1.5" for 60 seconds




% SZS status Theorem for /shareddata/TPTP-v4.0.1/Problems/CSR/CSR076+1.p
./iprover_sine_single.sh: line 138: 14595 Killed                  ( ulimit -v $MEMLIM -s 300000; "$PROVER" --clausifier "$CLAUSIFIER" --clausifier_options "--mode clausify -t $2 $1" --sat_out_model none --time_out_real $2 $INP >> $3 )
./iprover_sine_single.sh: line 138: 14630 Killed                  ( ulimit -v $MEMLIM -s 300000; "$PROVER" --clausifier "$CLAUSIFIER" --clausifier_options "--mode clausify -t $2 $1" --sat_out_model none --time_out_real $2 $INP >> $3 )
USED TIME: 5.8 CPU 3.7 WC
Killed 2 orphans
 
% SZS status Ended for /shareddata/TPTP-v4.0.1/Problems/CSR/CSR076+1.p
 
 
% SZS status Started for /shareddata/TPTP-v4.0.1/Problems/CSR/CSR076+2.p
 
LTB.SMO Slices

Slice "-ss included -sd 0 -st 1.5" for 60 seconds

Slice "-ss included -sd 0 -st 3" for 60 seconds





Slice "-ss included -sd 2 -st 5 " for 60 seconds

Slice "-ss included -sd 6 -st 1.5" for 60 seconds




% SZS status Theorem for /shareddata/TPTP-v4.0.1/Problems/CSR/CSR076+2.p
./iprover_sine_single.sh: line 138: 15193 Killed                  ( ulimit -v $MEMLIM -s 300000; "$PROVER" --clausifier "$CLAUSIFIER" --clausifier_options "--mode clausify -t $2 $1" --sat_out_model none --time_out_real $2 $INP >> $3 )
./iprover_sine_single.sh: line 138: 15195 Killed                  ( ulimit -v $MEMLIM -s 300000; "$PROVER" --clausifier "$CLAUSIFIER" --clausifier_options "--mode clausify -t $2 $1" --sat_out_model none --time_out_real $2 $INP >> $3 )
./iprover_sine_single.sh: line 138: 15206 Killed                  ( ulimit -v $MEMLIM -s 300000; "$PROVER" --clausifier "$CLAUSIFIER" --clausifier_options "--mode clausify -t $2 $1" --sat_out_model none --time_out_real $2 $INP >> $3 )
USED TIME: 1.2 CPU 2.1 WC
Killed 3 orphans
 
% SZS status Ended for /shareddata/TPTP-v4.0.1/Problems/CSR/CSR076+2.p
 
 
% SZS status Started for /shareddata/TPTP-v4.0.1/Problems/CSR/CSR076+3.p
 
LTB.SMO Slices

Slice "-ss included -sd 0 -st 1.5" for 60 seconds

Slice "-ss included -sd 0 -st 3" for 60 seconds

Slice "-ss included -sd 2 -st 5 " for 60 seconds



Slice "-ss included -sd 6 -st 1.5" for 60 seconds




% SZS status Theorem for /shareddata/TPTP-v4.0.1/Problems/CSR/CSR076+3.p
./iprover_sine_single.sh: line 138: 15964 Killed                  ( ulimit -v $MEMLIM -s 300000; "$PROVER" --clausifier "$CLAUSIFIER" --clausifier_options "--mode clausify -t $2 $1" --sat_out_model none --time_out_real $2 $INP >> $3 )
./iprover_sine_single.sh: line 138: 15966 Killed                  ( ulimit -v $MEMLIM -s 300000; "$PROVER" --clausifier "$CLAUSIFIER" --clausifier_options "--mode clausify -t $2 $1" --sat_out_model none --time_out_real $2 $INP >> $3 )
./iprover_sine_single.sh: line 138: 15971 Killed                  ( ulimit -v $MEMLIM -s 300000; "$PROVER" --clausifier "$CLAUSIFIER" --clausifier_options "--mode clausify -t $2 $1" --sat_out_model none --time_out_real $2 $INP >> $3 )
USED TIME: 5.4 CPU 7.3 WC
Killed 3 orphans
 
% SZS status Ended for /shareddata/TPTP-v4.0.1/Problems/CSR/CSR076+3.p
 
 
% SZS status Started for /shareddata/TPTP-v4.0.1/Problems/CSR/CSR076+4.p
 
LTB.SMO Slices

Slice "-ss included -sd 0 -st 1.5" for 60 seconds

Slice "-ss included -sd 0 -st 3" for 60 seconds



Slice "-ss included -sd 2 -st 5 " for 60 seconds

Slice "-ss included -sd 6 -st 1.5" for 60 seconds




% SZS status Theorem for /shareddata/TPTP-v4.0.1/Problems/CSR/CSR076+4.p
./iprover_sine_single.sh: line 138: 18323 Killed                  ( ulimit -v $MEMLIM -s 300000; "$PROVER" --clausifier "$CLAUSIFIER" --clausifier_options "--mode clausify -t $2 $1" --sat_out_model none --time_out_real $2 $INP >> $3 )
./iprover_sine_single.sh: line 138: 18325 Killed                  ( ulimit -v $MEMLIM -s 300000; "$PROVER" --clausifier "$CLAUSIFIER" --clausifier_options "--mode clausify -t $2 $1" --sat_out_model none --time_out_real $2 $INP >> $3 )
./iprover_sine_single.sh: line 138: 18329 Killed                  ( ulimit -v $MEMLIM -s 300000; "$PROVER" --clausifier "$CLAUSIFIER" --clausifier_options "--mode clausify -t $2 $1" --sat_out_model none --time_out_real $2 $INP >> $3 )
USED TIME: 3.9 CPU 5.3 WC
Killed 3 orphans
 
% SZS status Ended for /shareddata/TPTP-v4.0.1/Problems/CSR/CSR076+4.p
 
 
% SZS status Started for /shareddata/TPTP-v4.0.1/Problems/CSR/CSR076+5.p
 
LTB.SMO Slices

Slice "-ss included -sd 0 -st 1.5" for 60 seconds

Slice "-ss included -sd 0 -st 3" for 60 seconds





Slice "-ss included -sd 2 -st 5 " for 60 seconds



Slice "-ss included -sd 6 -st 1.5" for 60 seconds


% SZS status Theorem for /shareddata/TPTP-v4.0.1/Problems/CSR/CSR076+5.p
./iprover_sine_single.sh: line 138: 19761 Killed                  ( ulimit -v $MEMLIM -s 300000; "$PROVER" --clausifier "$CLAUSIFIER" --clausifier_options "--mode clausify -t $2 $1" --sat_out_model none --time_out_real $2 $INP >> $3 )
./iprover_sine_single.sh: line 138: 19765 Killed                  ( ulimit -v $MEMLIM -s 300000; "$PROVER" --clausifier "$CLAUSIFIER" --clausifier_options "--mode clausify -t $2 $1" --sat_out_model none --time_out_real $2 $INP >> $3 )
./iprover_sine_single.sh: line 138: 19768 Killed                  ( ulimit -v $MEMLIM -s 300000; "$PROVER" --clausifier "$CLAUSIFIER" --clausifier_options "--mode clausify -t $2 $1" --sat_out_model none --time_out_real $2 $INP >> $3 )
USED TIME: 6.5 CPU 7.3 WC
Killed 3 orphans
 
% SZS status Ended for /shareddata/TPTP-v4.0.1/Problems/CSR/CSR076+5.p
 
 
% SZS status Started for /shareddata/TPTP-v4.0.1/Problems/CSR/CSR076+6.p
 
LTB.SMO Slices

Slice "-ss included -sd 0 -st 1.5" for 60 seconds

Slice "-ss included -sd 0 -st 3" for 60 seconds

Slice "-ss included -sd 2 -st 5 " for 60 seconds

Slice "-ss included -sd 6 -st 1.5" for 60 seconds








% SZS status GaveUp for /shareddata/TPTP-v4.0.1/Problems/CSR/CSR076+6.p
USED TIME: 172.5 CPU 60.5 WC
Killed 2 orphans
 
% SZS status Ended for /shareddata/TPTP-v4.0.1/Problems/CSR/CSR076+6.p
 
 
% SZS status Started for /shareddata/TPTP-v4.0.1/Problems/CSR/CSR077+1.p
 
LTB.SMO Slices

Slice "-ss included -sd 0 -st 1.5" for 60 seconds

Slice "-ss included -sd 0 -st 3" for 60 seconds

Slice "-ss included -sd 2 -st 5 " for 60 seconds

Slice "-ss included -sd 6 -st 1.5" for 60 seconds









Slice "-ss included -sd 8 -st 2" for 60 seconds



Slice "-ss included -sd 10 -st 5" for 60 seconds


% SZS status GaveUp for /shareddata/TPTP-v4.0.1/Problems/CSR/CSR077+1.p
./iprover_sine_single.sh: line 138: 28141 Killed                  ( ulimit -v $MEMLIM -s 300000; "$PROVER" --clausifier "$CLAUSIFIER" --clausifier_options "--mode clausify -t $2 $1" --sat_out_model none --time_out_real $2 $INP >> $3 )
./iprover_sine_single.sh: line 138: 28143 Killed                  ( ulimit -v $MEMLIM -s 300000; "$PROVER" --clausifier "$CLAUSIFIER" --clausifier_options "--mode clausify -t $2 $1" --sat_out_model none --time_out_real $2 $INP >> $3 )
./iprover_sine_single.sh: line 138: 28374 Killed                  ( ulimit -v $MEMLIM -s 300000; "$PROVER" --clausifier "$CLAUSIFIER" --clausifier_options "--mode clausify -t $2 $1" --sat_out_model none --time_out_real $2 $INP >> $3 )
./iprover_sine_single.sh: line 138:   656 Killed                  ( ulimit -v $MEMLIM -s 300000; "$PROVER" --clausifier "$CLAUSIFIER" --clausifier_options "--mode clausify -t $2 $1" --sat_out_model none --time_out_real $2 $INP >> $3 )
USED TIME: 170.3 CPU 60.2 WC
Killed 3 orphans
 
% SZS status Ended for /shareddata/TPTP-v4.0.1/Problems/CSR/CSR077+1.p
 
 
% SZS status Started for /shareddata/TPTP-v4.0.1/Problems/CSR/CSR077+2.p
 
LTB.SMO Slices

Slice "-ss included -sd 0 -st 1.5" for 60 seconds

Slice "-ss included -sd 0 -st 3" for 60 seconds

Slice "-ss included -sd 2 -st 5 " for 60 seconds

Slice "-ss included -sd 6 -st 1.5" for 60 seconds







Slice "-ss included -sd 8 -st 2" for 60 seconds


% SZS status GaveUp for /shareddata/TPTP-v4.0.1/Problems/CSR/CSR077+2.p
./iprover_sine_single.sh: line 138:  4311 Killed                  ( ulimit -v $MEMLIM -s 300000; "$PROVER" --clausifier "$CLAUSIFIER" --clausifier_options "--mode clausify -t $2 $1" --sat_out_model none --time_out_real $2 $INP >> $3 )
./iprover_sine_single.sh: line 138:  4313 Killed                  ( ulimit -v $MEMLIM -s 300000; "$PROVER" --clausifier "$CLAUSIFIER" --clausifier_options "--mode clausify -t $2 $1" --sat_out_model none --time_out_real $2 $INP >> $3 )
./iprover_sine_single.sh: line 138:  4316 Killed                  ( ulimit -v $MEMLIM -s 300000; "$PROVER" --clausifier "$CLAUSIFIER" --clausifier_options "--mode clausify -t $2 $1" --sat_out_model none --time_out_real $2 $INP >> $3 )
./iprover_sine_single.sh: line 138:  4521 Killed                  ( ulimit -v $MEMLIM -s 300000; "$PROVER" --clausifier "$CLAUSIFIER" --clausifier_options "--mode clausify -t $2 $1" --sat_out_model none --time_out_real $2 $INP >> $3 )
USED TIME: 172.0 CPU 60.3 WC
Killed 3 orphans
 
% SZS status Ended for /shareddata/TPTP-v4.0.1/Problems/CSR/CSR077+2.p
 
 
% SZS status Started for /shareddata/TPTP-v4.0.1/Problems/CSR/CSR077+3.p
 
LTB.SMO Slices

Slice "-ss included -sd 0 -st 1.5" for 60 seconds

Slice "-ss included -sd 0 -st 3" for 60 seconds

Slice "-ss included -sd 2 -st 5 " for 60 seconds

Slice "-ss included -sd 6 -st 1.5" for 60 seconds









Slice "-ss included -sd 8 -st 2" for 60 seconds


% SZS status GaveUp for /shareddata/TPTP-v4.0.1/Problems/CSR/CSR077+3.p
./iprover_sine_single.sh: line 138: 12935 Killed                  ( ulimit -v $MEMLIM -s 300000; "$PROVER" --clausifier "$CLAUSIFIER" --clausifier_options "--mode clausify -t $2 $1" --sat_out_model none --time_out_real $2 $INP >> $3 )
./iprover_sine_single.sh: line 138: 12937 Killed                  ( ulimit -v $MEMLIM -s 300000; "$PROVER" --clausifier "$CLAUSIFIER" --clausifier_options "--mode clausify -t $2 $1" --sat_out_model none --time_out_real $2 $INP >> $3 )
./iprover_sine_single.sh: line 138: 12940 Killed                  ( ulimit -v $MEMLIM -s 300000; "$PROVER" --clausifier "$CLAUSIFIER" --clausifier_options "--mode clausify -t $2 $1" --sat_out_model none --time_out_real $2 $INP >> $3 )
./iprover_sine_single.sh: line 138: 13112 Killed                  ( ulimit -v $MEMLIM -s 300000; "$PROVER" --clausifier "$CLAUSIFIER" --clausifier_options "--mode clausify -t $2 $1" --sat_out_model none --time_out_real $2 $INP >> $3 )
USED TIME: 170.8 CPU 60.3 WC
Killed 3 orphans
 
% SZS status Ended for /shareddata/TPTP-v4.0.1/Problems/CSR/CSR077+3.p
 
 
% SZS status Started for /shareddata/TPTP-v4.0.1/Problems/CSR/CSR077+4.p
 
LTB.SMO Slices

Slice "-ss included -sd 0 -st 1.5" for 60 seconds

Slice "-ss included -sd 0 -st 3" for 60 seconds

Slice "-ss included -sd 2 -st 5 " for 60 seconds

Slice "-ss included -sd 6 -st 1.5" for 60 seconds








Slice "-ss included -sd 8 -st 2" for 60 seconds

Slice "-ss included -sd 10 -st 5" for 60 seconds

Slice "-ss included -sd 0 -st 2" for 60 seconds






% SZS status GaveUp for /shareddata/TPTP-v4.0.1/Problems/CSR/CSR077+4.p
./iprover_sine_single.sh: line 138: 21826 Killed                  ( ulimit -v $MEMLIM -s 300000; "$PROVER" --clausifier "$CLAUSIFIER" --clausifier_options "--mode clausify -t $2 $1" --sat_out_model none --time_out_real $2 $INP >> $3 )
./iprover_sine_single.sh: line 138: 21830 Killed                  ( ulimit -v $MEMLIM -s 300000; "$PROVER" --clausifier "$CLAUSIFIER" --clausifier_options "--mode clausify -t $2 $1" --sat_out_model none --time_out_real $2 $INP >> $3 )
./iprover_sine_single.sh: line 138: 21834 Killed                  ( ulimit -v $MEMLIM -s 300000; "$PROVER" --clausifier "$CLAUSIFIER" --clausifier_options "--mode clausify -t $2 $1" --sat_out_model none --time_out_real $2 $INP >> $3 )
USED TIME: 176.7 CPU 60.4 WC
Killed 3 orphans
 
% SZS status Ended for /shareddata/TPTP-v4.0.1/Problems/CSR/CSR077+4.p
 
 
% SZS status Started for /shareddata/TPTP-v4.0.1/Problems/CSR/CSR077+5.p
 
LTB.SMO Slices

Slice "-ss included -sd 0 -st 1.5" for 60 seconds

Slice "-ss included -sd 0 -st 3" for 60 seconds

Slice "-ss included -sd 2 -st 5 " for 60 seconds

Slice "-ss included -sd 6 -st 1.5" for 60 seconds









Slice "-ss included -sd 8 -st 2" for 60 seconds

Slice "-ss included -sd 10 -st 5" for 60 seconds





Slice "-ss included -sd 0 -st 2" for 60 seconds


% SZS status GaveUp for /shareddata/TPTP-v4.0.1/Problems/CSR/CSR077+5.p
./iprover_sine_single.sh: line 138: 28473 Killed                  ( ulimit -v $MEMLIM -s 300000; "$PROVER" --clausifier "$CLAUSIFIER" --clausifier_options "--mode clausify -t $2 $1" --sat_out_model none --time_out_real $2 $INP >> $3 )
./iprover_sine_single.sh: line 138: 28477 Killed                  ( ulimit -v $MEMLIM -s 300000; "$PROVER" --clausifier "$CLAUSIFIER" --clausifier_options "--mode clausify -t $2 $1" --sat_out_model none --time_out_real $2 $INP >> $3 )
./iprover_sine_single.sh: line 138: 28526 Killed                  ( ulimit -v $MEMLIM -s 300000; "$PROVER" --clausifier "$CLAUSIFIER" --clausifier_options "--mode clausify -t $2 $1" --sat_out_model none --time_out_real $2 $INP >> $3 )
USED TIME: 174.6 CPU 60.6 WC
Killed 3 orphans
 
% SZS status Ended for /shareddata/TPTP-v4.0.1/Problems/CSR/CSR077+5.p
 
 
% SZS status Started for /shareddata/TPTP-v4.0.1/Problems/CSR/CSR077+6.p
 
LTB.SMO Slices

Slice "-ss included -sd 0 -st 1.5" for 60 seconds

Slice "-ss included -sd 0 -st 3" for 60 seconds

Slice "-ss included -sd 2 -st 5 " for 60 seconds

Slice "-ss included -sd 6 -st 1.5" for 60 seconds









Slice "-ss included -sd 8 -st 2" for 60 seconds



Slice "-ss included -sd 10 -st 5" for 60 seconds


% SZS status GaveUp for /shareddata/TPTP-v4.0.1/Problems/CSR/CSR077+6.p
./iprover_sine_single.sh: line 138:  3930 Killed                  ( ulimit -v $MEMLIM -s 300000; "$PROVER" --clausifier "$CLAUSIFIER" --clausifier_options "--mode clausify -t $2 $1" --sat_out_model none --time_out_real $2 $INP >> $3 )
./iprover_sine_single.sh: line 138:  3932 Killed                  ( ulimit -v $MEMLIM -s 300000; "$PROVER" --clausifier "$CLAUSIFIER" --clausifier_options "--mode clausify -t $2 $1" --sat_out_model none --time_out_real $2 $INP >> $3 )
./iprover_sine_single.sh: line 138:  3948 Killed                  ( ulimit -v $MEMLIM -s 300000; "$PROVER" --clausifier "$CLAUSIFIER" --clausifier_options "--mode clausify -t $2 $1" --sat_out_model none --time_out_real $2 $INP >> $3 )
./iprover_sine_single.sh: line 138:  9244 Killed                  ( ulimit -v $MEMLIM -s 300000; "$PROVER" --clausifier "$CLAUSIFIER" --clausifier_options "--mode clausify -t $2 $1" --sat_out_model none --time_out_real $2 $INP >> $3 )
USED TIME: 175.9 CPU 60.4 WC
Killed 3 orphans
 
% SZS status Ended for /shareddata/TPTP-v4.0.1/Problems/CSR/CSR077+6.p
 
 
% SZS status Started for /shareddata/TPTP-v4.0.1/Problems/CSR/CSR078+1.p
 
LTB.SMO Slices

Slice "-ss included -sd 0 -st 1.5" for 60 seconds

Slice "-ss included -sd 0 -st 3" for 60 seconds

Slice "-ss included -sd 2 -st 5 " for 60 seconds

Slice "-ss included -sd 6 -st 1.5" for 60 seconds








% SZS status GaveUp for /shareddata/TPTP-v4.0.1/Problems/CSR/CSR078+1.p
./iprover_sine_single.sh: line 138: 12245 Killed                  ( ulimit -v $MEMLIM -s 300000; "$PROVER" --clausifier "$CLAUSIFIER" --clausifier_options "--mode clausify -t $2 $1" --sat_out_model none --time_out_real $2 $INP >> $3 )
./iprover_sine_single.sh: line 138: 12247 Killed                  ( ulimit -v $MEMLIM -s 300000; "$PROVER" --clausifier "$CLAUSIFIER" --clausifier_options "--mode clausify -t $2 $1" --sat_out_model none --time_out_real $2 $INP >> $3 )
USED TIME: 173.1 CPU 60.6 WC
Killed 1 orphans
 
% SZS status Ended for /shareddata/TPTP-v4.0.1/Problems/CSR/CSR078+1.p
 
 
% SZS status Started for /shareddata/TPTP-v4.0.1/Problems/CSR/CSR078+2.p
 
LTB.SMO Slices

Slice "-ss included -sd 0 -st 1.5" for 60 seconds

Slice "-ss included -sd 0 -st 3" for 60 seconds

Slice "-ss included -sd 2 -st 5 " for 60 seconds

Slice "-ss included -sd 6 -st 1.5" for 60 seconds








% SZS status GaveUp for /shareddata/TPTP-v4.0.1/Problems/CSR/CSR078+2.p
./iprover_sine_single.sh: line 138: 19203 Killed                  ( ulimit -v $MEMLIM -s 300000; "$PROVER" --clausifier "$CLAUSIFIER" --clausifier_options "--mode clausify -t $2 $1" --sat_out_model none --time_out_real $2 $INP >> $3 )
./iprover_sine_single.sh: line 138: 19205 Killed                  ( ulimit -v $MEMLIM -s 300000; "$PROVER" --clausifier "$CLAUSIFIER" --clausifier_options "--mode clausify -t $2 $1" --sat_out_model none --time_out_real $2 $INP >> $3 )
./iprover_sine_single.sh: line 138: 19207 Killed                  ( ulimit -v $MEMLIM -s 300000; "$PROVER" --clausifier "$CLAUSIFIER" --clausifier_options "--mode clausify -t $2 $1" --sat_out_model none --time_out_real $2 $INP >> $3 )
./iprover_sine_single.sh: line 138: 19208 Killed                  ( ulimit -v $MEMLIM -s 300000; "$PROVER" --clausifier "$CLAUSIFIER" --clausifier_options "--mode clausify -t $2 $1" --sat_out_model none --time_out_real $2 $INP >> $3 )
USED TIME: 171.9 CPU 60.2 WC
Killed 4 orphans
 
% SZS status Ended for /shareddata/TPTP-v4.0.1/Problems/CSR/CSR078+2.p
 
 
% SZS status Started for /shareddata/TPTP-v4.0.1/Problems/CSR/CSR078+3.p
 
LTB.SMO Slices

Slice "-ss included -sd 0 -st 1.5" for 60 seconds

Slice "-ss included -sd 0 -st 3" for 60 seconds

Slice "-ss included -sd 2 -st 5 " for 60 seconds

Slice "-ss included -sd 6 -st 1.5" for 60 seconds








% SZS status GaveUp for /shareddata/TPTP-v4.0.1/Problems/CSR/CSR078+3.p
./iprover_sine_single.sh: line 138: 28325 Killed                  ( ulimit -v $MEMLIM -s 300000; "$PROVER" --clausifier "$CLAUSIFIER" --clausifier_options "--mode clausify -t $2 $1" --sat_out_model none --time_out_real $2 $INP >> $3 )
./iprover_sine_single.sh: line 138: 28328 Killed                  ( ulimit -v $MEMLIM -s 300000; "$PROVER" --clausifier "$CLAUSIFIER" --clausifier_options "--mode clausify -t $2 $1" --sat_out_model none --time_out_real $2 $INP >> $3 )
./iprover_sine_single.sh: line 138: 28329 Killed                  ( ulimit -v $MEMLIM -s 300000; "$PROVER" --clausifier "$CLAUSIFIER" --clausifier_options "--mode clausify -t $2 $1" --sat_out_model none --time_out_real $2 $INP >> $3 )
USED TIME: 177.5 CPU 60.5 WC
Killed 3 orphans
 
% SZS status Ended for /shareddata/TPTP-v4.0.1/Problems/CSR/CSR078+3.p
 
 
% SZS status Started for /shareddata/TPTP-v4.0.1/Problems/CSR/CSR078+4.p
 
LTB.SMO Slices

Slice "-ss included -sd 0 -st 1.5" for 60 seconds

Slice "-ss included -sd 0 -st 3" for 60 seconds

Slice "-ss included -sd 2 -st 5 " for 60 seconds

Slice "-ss included -sd 6 -st 1.5" for 60 seconds









Slice "-ss included -sd 8 -st 2" for 60 seconds

Slice "-ss included -sd 10 -st 5" for 60 seconds




% SZS status GaveUp for /shareddata/TPTP-v4.0.1/Problems/CSR/CSR078+4.p
./iprover_sine_single.sh: line 138:  2677 Killed                  ( ulimit -v $MEMLIM -s 300000; "$PROVER" --clausifier "$CLAUSIFIER" --clausifier_options "--mode clausify -t $2 $1" --sat_out_model none --time_out_real $2 $INP >> $3 )
./iprover_sine_single.sh: line 138:  2679 Killed                  ( ulimit -v $MEMLIM -s 300000; "$PROVER" --clausifier "$CLAUSIFIER" --clausifier_options "--mode clausify -t $2 $1" --sat_out_model none --time_out_real $2 $INP >> $3 )
./iprover_sine_single.sh: line 138:  2771 Killed                  ( ulimit -v $MEMLIM -s 300000; "$PROVER" --clausifier "$CLAUSIFIER" --clausifier_options "--mode clausify -t $2 $1" --sat_out_model none --time_out_real $2 $INP >> $3 )
./iprover_sine_single.sh: line 138:  2775 Killed                  ( ulimit -v $MEMLIM -s 300000; "$PROVER" --clausifier "$CLAUSIFIER" --clausifier_options "--mode clausify -t $2 $1" --sat_out_model none --time_out_real $2 $INP >> $3 )
USED TIME: 173.9 CPU 60.2 WC
Killed 4 orphans
 
% SZS status Ended for /shareddata/TPTP-v4.0.1/Problems/CSR/CSR078+4.p
 
 
% SZS status Started for /shareddata/TPTP-v4.0.1/Problems/CSR/CSR078+5.p
 
LTB.SMO Slices

Slice "-ss included -sd 0 -st 1.5" for 60 seconds

Slice "-ss included -sd 0 -st 3" for 60 seconds

Slice "-ss included -sd 2 -st 5 " for 60 seconds

Slice "-ss included -sd 6 -st 1.5" for 60 seconds








% SZS status GaveUp for /shareddata/TPTP-v4.0.1/Problems/CSR/CSR078+5.p
./iprover_sine_single.sh: line 138:  9844 Killed                  ( ulimit -v $MEMLIM -s 300000; "$PROVER" --clausifier "$CLAUSIFIER" --clausifier_options "--mode clausify -t $2 $1" --sat_out_model none --time_out_real $2 $INP >> $3 )
./iprover_sine_single.sh: line 138:  9846 Killed                  ( ulimit -v $MEMLIM -s 300000; "$PROVER" --clausifier "$CLAUSIFIER" --clausifier_options "--mode clausify -t $2 $1" --sat_out_model none --time_out_real $2 $INP >> $3 )
./iprover_sine_single.sh: line 138:  9848 Killed                  ( ulimit -v $MEMLIM -s 300000; "$PROVER" --clausifier "$CLAUSIFIER" --clausifier_options "--mode clausify -t $2 $1" --sat_out_model none --time_out_real $2 $INP >> $3 )
./iprover_sine_single.sh: line 138:  9849 Killed                  ( ulimit -v $MEMLIM -s 300000; "$PROVER" --clausifier "$CLAUSIFIER" --clausifier_options "--mode clausify -t $2 $1" --sat_out_model none --time_out_real $2 $INP >> $3 )
USED TIME: 170.6 CPU 60.4 WC
Killed 4 orphans
 
% SZS status Ended for /shareddata/TPTP-v4.0.1/Problems/CSR/CSR078+5.p
 
 
% SZS status Started for /shareddata/TPTP-v4.0.1/Problems/CSR/CSR078+6.p
 
LTB.SMO Slices

Slice "-ss included -sd 0 -st 1.5" for 60 seconds

Slice "-ss included -sd 0 -st 3" for 60 seconds

Slice "-ss included -sd 2 -st 5 " for 60 seconds

Slice "-ss included -sd 6 -st 1.5" for 60 seconds







% SZS status GaveUp for /shareddata/TPTP-v4.0.1/Problems/CSR/CSR078+6.p
./iprover_sine_single.sh: line 138: 18796 Killed                  ( ulimit -v $MEMLIM -s 300000; "$PROVER" --clausifier "$CLAUSIFIER" --clausifier_options "--mode clausify -t $2 $1" --sat_out_model none --time_out_real $2 $INP >> $3 )
./iprover_sine_single.sh: line 138: 18798 Killed                  ( ulimit -v $MEMLIM -s 300000; "$PROVER" --clausifier "$CLAUSIFIER" --clausifier_options "--mode clausify -t $2 $1" --sat_out_model none --time_out_real $2 $INP >> $3 )
./iprover_sine_single.sh: line 138: 18800 Killed                  ( ulimit -v $MEMLIM -s 300000; "$PROVER" --clausifier "$CLAUSIFIER" --clausifier_options "--mode clausify -t $2 $1" --sat_out_model none --time_out_real $2 $INP >> $3 )
./iprover_sine_single.sh: line 138: 18802 Killed                  ( ulimit -v $MEMLIM -s 300000; "$PROVER" --clausifier "$CLAUSIFIER" --clausifier_options "--mode clausify -t $2 $1" --sat_out_model none --time_out_real $2 $INP >> $3 )
USED TIME: 172.6 CPU 60.3 WC
Killed 4 orphans
 
% SZS status Ended for /shareddata/TPTP-v4.0.1/Problems/CSR/CSR078+6.p
 
 
% SZS status Started for /shareddata/TPTP-v4.0.1/Problems/CSR/CSR079+1.p
 
LTB.SMO Slices

Slice "-ss included -sd 0 -st 1.5" for 60 seconds

Slice "-ss included -sd 0 -st 3" for 60 seconds

Slice "-ss included -sd 2 -st 5 " for 60 seconds

Slice "-ss included -sd 6 -st 1.5" for 60 seconds








% SZS status Theorem for /shareddata/TPTP-v4.0.1/Problems/CSR/CSR079+1.p
./iprover_sine_single.sh: line 138: 27506 Killed                  ( ulimit -v $MEMLIM -s 300000; "$PROVER" --clausifier "$CLAUSIFIER" --clausifier_options "--mode clausify -t $2 $1" --sat_out_model none --time_out_real $2 $INP >> $3 )
./iprover_sine_single.sh: line 138: 27508 Killed                  ( ulimit -v $MEMLIM -s 300000; "$PROVER" --clausifier "$CLAUSIFIER" --clausifier_options "--mode clausify -t $2 $1" --sat_out_model none --time_out_real $2 $INP >> $3 )
USED TIME: 1.6 CPU 1.1 WC
Killed 2 orphans
 
% SZS status Ended for /shareddata/TPTP-v4.0.1/Problems/CSR/CSR079+1.p
 
 
% SZS status Started for /shareddata/TPTP-v4.0.1/Problems/CSR/CSR079+2.p
 
LTB.SMO Slices

Slice "-ss included -sd 0 -st 1.5" for 60 seconds

Slice "-ss included -sd 0 -st 3" for 60 seconds

Slice "-ss included -sd 2 -st 5 " for 60 seconds

Slice "-ss included -sd 6 -st 1.5" for 60 seconds








% SZS status Theorem for /shareddata/TPTP-v4.0.1/Problems/CSR/CSR079+2.p
./iprover_sine_single.sh: line 138: 27847 Killed                  ( ulimit -v $MEMLIM -s 300000; "$PROVER" --clausifier "$CLAUSIFIER" --clausifier_options "--mode clausify -t $2 $1" --sat_out_model none --time_out_real $2 $INP >> $3 )
./iprover_sine_single.sh: line 138: 27849 Killed                  ( ulimit -v $MEMLIM -s 300000; "$PROVER" --clausifier "$CLAUSIFIER" --clausifier_options "--mode clausify -t $2 $1" --sat_out_model none --time_out_real $2 $INP >> $3 )
./iprover_sine_single.sh: line 138: 27851 Killed                  ( ulimit -v $MEMLIM -s 300000; "$PROVER" --clausifier "$CLAUSIFIER" --clausifier_options "--mode clausify -t $2 $1" --sat_out_model none --time_out_real $2 $INP >> $3 )
USED TIME: 1.2 CPU 1.7 WC
Killed 3 orphans
 
% SZS status Ended for /shareddata/TPTP-v4.0.1/Problems/CSR/CSR079+2.p
 
 
% SZS status Started for /shareddata/TPTP-v4.0.1/Problems/CSR/CSR079+3.p
 
LTB.SMO Slices

Slice "-ss included -sd 0 -st 1.5" for 60 seconds

Slice "-ss included -sd 0 -st 3" for 60 seconds

Slice "-ss included -sd 2 -st 5 " for 60 seconds

Slice "-ss included -sd 6 -st 1.5" for 60 seconds








% SZS status Theorem for /shareddata/TPTP-v4.0.1/Problems/CSR/CSR079+3.p
./iprover_sine_single.sh: line 138: 28426 Killed                  ( ulimit -v $MEMLIM -s 300000; "$PROVER" --clausifier "$CLAUSIFIER" --clausifier_options "--mode clausify -t $2 $1" --sat_out_model none --time_out_real $2 $INP >> $3 )
./iprover_sine_single.sh: line 138: 28428 Killed                  ( ulimit -v $MEMLIM -s 300000; "$PROVER" --clausifier "$CLAUSIFIER" --clausifier_options "--mode clausify -t $2 $1" --sat_out_model none --time_out_real $2 $INP >> $3 )
./iprover_sine_single.sh: line 138: 28432 Killed                  ( ulimit -v $MEMLIM -s 300000; "$PROVER" --clausifier "$CLAUSIFIER" --clausifier_options "--mode clausify -t $2 $1" --sat_out_model none --time_out_real $2 $INP >> $3 )
USED TIME: 4.2 CPU 5.7 WC
Killed 3 orphans
 
% SZS status Ended for /shareddata/TPTP-v4.0.1/Problems/CSR/CSR079+3.p
 
 
% SZS status Started for /shareddata/TPTP-v4.0.1/Problems/CSR/CSR079+4.p
 
LTB.SMO Slices

Slice "-ss included -sd 0 -st 1.5" for 60 seconds

Slice "-ss included -sd 0 -st 3" for 60 seconds

Slice "-ss included -sd 2 -st 5 " for 60 seconds

Slice "-ss included -sd 6 -st 1.5" for 60 seconds







% SZS status Theorem for /shareddata/TPTP-v4.0.1/Problems/CSR/CSR079+4.p
./iprover_sine_single.sh: line 138: 29543 Killed                  ( ulimit -v $MEMLIM -s 300000; "$PROVER" --clausifier "$CLAUSIFIER" --clausifier_options "--mode clausify -t $2 $1" --sat_out_model none --time_out_real $2 $INP >> $3 )
./iprover_sine_single.sh: line 138: 29545 Killed                  ( ulimit -v $MEMLIM -s 300000; "$PROVER" --clausifier "$CLAUSIFIER" --clausifier_options "--mode clausify -t $2 $1" --sat_out_model none --time_out_real $2 $INP >> $3 )
./iprover_sine_single.sh: line 138: 29547 Killed                  ( ulimit -v $MEMLIM -s 300000; "$PROVER" --clausifier "$CLAUSIFIER" --clausifier_options "--mode clausify -t $2 $1" --sat_out_model none --time_out_real $2 $INP >> $3 )
USED TIME: 0.6 CPU 1.1 WC
Killed 3 orphans
 
% SZS status Ended for /shareddata/TPTP-v4.0.1/Problems/CSR/CSR079+4.p
 
 
% SZS status Started for /shareddata/TPTP-v4.0.1/Problems/CSR/CSR079+5.p
 
LTB.SMO Slices

Slice "-ss included -sd 0 -st 1.5" for 60 seconds

Slice "-ss included -sd 0 -st 3" for 60 seconds



Slice "-ss included -sd 2 -st 5 " for 60 seconds

Slice "-ss included -sd 6 -st 1.5" for 60 seconds






% SZS status Theorem for /shareddata/TPTP-v4.0.1/Problems/CSR/CSR079+5.p
./iprover_sine_single.sh: line 138: 30120 Killed                  ( ulimit -v $MEMLIM -s 300000; "$PROVER" --clausifier "$CLAUSIFIER" --clausifier_options "--mode clausify -t $2 $1" --sat_out_model none --time_out_real $2 $INP >> $3 )
./iprover_sine_single.sh: line 138: 30122 Killed                  ( ulimit -v $MEMLIM -s 300000; "$PROVER" --clausifier "$CLAUSIFIER" --clausifier_options "--mode clausify -t $2 $1" --sat_out_model none --time_out_real $2 $INP >> $3 )
./iprover_sine_single.sh: line 138: 30124 Killed                  ( ulimit -v $MEMLIM -s 300000; "$PROVER" --clausifier "$CLAUSIFIER" --clausifier_options "--mode clausify -t $2 $1" --sat_out_model none --time_out_real $2 $INP >> $3 )
USED TIME: 4.3 CPU 4.7 WC
Killed 3 orphans
 
% SZS status Ended for /shareddata/TPTP-v4.0.1/Problems/CSR/CSR079+5.p
 
 
% SZS status Started for /shareddata/TPTP-v4.0.1/Problems/CSR/CSR079+6.p
 
LTB.SMO Slices

Slice "-ss included -sd 0 -st 1.5" for 60 seconds

Slice "-ss included -sd 0 -st 3" for 60 seconds

Slice "-ss included -sd 2 -st 5 " for 60 seconds


Slice "-ss included -sd 6 -st 1.5" for 60 seconds







Slice "-ss included -sd 8 -st 2" for 60 seconds



Slice "-ss included -sd 10 -st 5" for 60 seconds


% SZS status Theorem for /shareddata/TPTP-v4.0.1/Problems/CSR/CSR079+6.p
./iprover_sine_single.sh: line 138: 30696 Killed                  ( ulimit -v $MEMLIM -s 300000; "$PROVER" --clausifier "$CLAUSIFIER" --clausifier_options "--mode clausify -t $2 $1" --sat_out_model none --time_out_real $2 $INP >> $3 )
./iprover_sine_single.sh: line 138: 30698 Killed                  ( ulimit -v $MEMLIM -s 300000; "$PROVER" --clausifier "$CLAUSIFIER" --clausifier_options "--mode clausify -t $2 $1" --sat_out_model none --time_out_real $2 $INP >> $3 )
./iprover_sine_single.sh: line 138: 30873 Killed                  ( ulimit -v $MEMLIM -s 300000; "$PROVER" --clausifier "$CLAUSIFIER" --clausifier_options "--mode clausify -t $2 $1" --sat_out_model none --time_out_real $2 $INP >> $3 )
USED TIME: 7.6 CPU 8.3 WC
Killed 3 orphans
 
% SZS status Ended for /shareddata/TPTP-v4.0.1/Problems/CSR/CSR079+6.p
 
 
% SZS status Started for /shareddata/TPTP-v4.0.1/Problems/CSR/CSR080+1.p
 
LTB.SMO Slices

Slice "-ss included -sd 0 -st 1.5" for 60 seconds

Slice "-ss included -sd 0 -st 3" for 60 seconds

Slice "-ss included -sd 2 -st 5 " for 60 seconds







Slice "-ss included -sd 6 -st 1.5" for 60 seconds



Slice "-ss included -sd 8 -st 2" for 60 seconds



Slice "-ss included -sd 10 -st 5" for 60 seconds


% SZS status GaveUp for /shareddata/TPTP-v4.0.1/Problems/CSR/CSR080+1.p
./iprover_sine_single.sh: line 138: 32295 Killed                  ( ulimit -v $MEMLIM -s 300000; "$PROVER" --clausifier "$CLAUSIFIER" --clausifier_options "--mode clausify -t $2 $1" --sat_out_model none --time_out_real $2 $INP >> $3 )
./iprover_sine_single.sh: line 138: 32297 Killed                  ( ulimit -v $MEMLIM -s 300000; "$PROVER" --clausifier "$CLAUSIFIER" --clausifier_options "--mode clausify -t $2 $1" --sat_out_model none --time_out_real $2 $INP >> $3 )
./iprover_sine_single.sh: line 138:  3760 Killed                  ( ulimit -v $MEMLIM -s 300000; "$PROVER" --clausifier "$CLAUSIFIER" --clausifier_options "--mode clausify -t $2 $1" --sat_out_model none --time_out_real $2 $INP >> $3 )
./iprover_sine_single.sh: line 138:  3806 Killed                  ( ulimit -v $MEMLIM -s 300000; "$PROVER" --clausifier "$CLAUSIFIER" --clausifier_options "--mode clausify -t $2 $1" --sat_out_model none --time_out_real $2 $INP >> $3 )
USED TIME: 178.4 CPU 60.3 WC
Killed 4 orphans
 
% SZS status Ended for /shareddata/TPTP-v4.0.1/Problems/CSR/CSR080+1.p
 
 
% SZS status Started for /shareddata/TPTP-v4.0.1/Problems/CSR/CSR080+2.p
 
LTB.SMO Slices

Slice "-ss included -sd 0 -st 1.5" for 60 seconds

Slice "-ss included -sd 0 -st 3" for 60 seconds

Slice "-ss included -sd 2 -st 5 " for 60 seconds

Slice "-ss included -sd 6 -st 1.5" for 60 seconds









Slice "-ss included -sd 8 -st 2" for 60 seconds



Slice "-ss included -sd 10 -st 5" for 60 seconds


% SZS status GaveUp for /shareddata/TPTP-v4.0.1/Problems/CSR/CSR080+2.p
./iprover_sine_single.sh: line 138:  7137 Killed                  ( ulimit -v $MEMLIM -s 300000; "$PROVER" --clausifier "$CLAUSIFIER" --clausifier_options "--mode clausify -t $2 $1" --sat_out_model none --time_out_real $2 $INP >> $3 )
./iprover_sine_single.sh: line 138:  7139 Killed                  ( ulimit -v $MEMLIM -s 300000; "$PROVER" --clausifier "$CLAUSIFIER" --clausifier_options "--mode clausify -t $2 $1" --sat_out_model none --time_out_real $2 $INP >> $3 )
./iprover_sine_single.sh: line 138: 10711 Killed                  ( ulimit -v $MEMLIM -s 300000; "$PROVER" --clausifier "$CLAUSIFIER" --clausifier_options "--mode clausify -t $2 $1" --sat_out_model none --time_out_real $2 $INP >> $3 )
./iprover_sine_single.sh: line 138: 11480 Killed                  ( ulimit -v $MEMLIM -s 300000; "$PROVER" --clausifier "$CLAUSIFIER" --clausifier_options "--mode clausify -t $2 $1" --sat_out_model none --time_out_real $2 $INP >> $3 )
USED TIME: 174.6 CPU 60.3 WC
Killed 2 orphans
 
% SZS status Ended for /shareddata/TPTP-v4.0.1/Problems/CSR/CSR080+2.p
 
 
% SZS status Started for /shareddata/TPTP-v4.0.1/Problems/CSR/CSR080+3.p
 
LTB.SMO Slices

Slice "-ss included -sd 0 -st 1.5" for 60 seconds

Slice "-ss included -sd 0 -st 3" for 60 seconds

Slice "-ss included -sd 2 -st 5 " for 60 seconds

Slice "-ss included -sd 6 -st 1.5" for 60 seconds








% SZS status GaveUp for /shareddata/TPTP-v4.0.1/Problems/CSR/CSR080+3.p
./iprover_sine_single.sh: line 138: 14702 Killed                  ( ulimit -v $MEMLIM -s 300000; "$PROVER" --clausifier "$CLAUSIFIER" --clausifier_options "--mode clausify -t $2 $1" --sat_out_model none --time_out_real $2 $INP >> $3 )
./iprover_sine_single.sh: line 138: 14704 Killed                  ( ulimit -v $MEMLIM -s 300000; "$PROVER" --clausifier "$CLAUSIFIER" --clausifier_options "--mode clausify -t $2 $1" --sat_out_model none --time_out_real $2 $INP >> $3 )
./iprover_sine_single.sh: line 138: 14706 Killed                  ( ulimit -v $MEMLIM -s 300000; "$PROVER" --clausifier "$CLAUSIFIER" --clausifier_options "--mode clausify -t $2 $1" --sat_out_model none --time_out_real $2 $INP >> $3 )
./iprover_sine_single.sh: line 138: 14707 Killed                  ( ulimit -v $MEMLIM -s 300000; "$PROVER" --clausifier "$CLAUSIFIER" --clausifier_options "--mode clausify -t $2 $1" --sat_out_model none --time_out_real $2 $INP >> $3 )
USED TIME: 176.8 CPU 60.2 WC
Killed 3 orphans
 
% SZS status Ended for /shareddata/TPTP-v4.0.1/Problems/CSR/CSR080+3.p
 
 
% SZS status Started for /shareddata/TPTP-v4.0.1/Problems/CSR/CSR080+4.p
 
LTB.SMO Slices

Slice "-ss included -sd 0 -st 1.5" for 60 seconds

Slice "-ss included -sd 0 -st 3" for 60 seconds

Slice "-ss included -sd 2 -st 5 " for 60 seconds

Slice "-ss included -sd 6 -st 1.5" for 60 seconds









Slice "-ss included -sd 8 -st 2" for 60 seconds

Slice "-ss included -sd 10 -st 5" for 60 seconds




% SZS status GaveUp for /shareddata/TPTP-v4.0.1/Problems/CSR/CSR080+4.p
./iprover_sine_single.sh: line 138: 22332 Killed                  ( ulimit -v $MEMLIM -s 300000; "$PROVER" --clausifier "$CLAUSIFIER" --clausifier_options "--mode clausify -t $2 $1" --sat_out_model none --time_out_real $2 $INP >> $3 )
./iprover_sine_single.sh: line 138: 22334 Killed                  ( ulimit -v $MEMLIM -s 300000; "$PROVER" --clausifier "$CLAUSIFIER" --clausifier_options "--mode clausify -t $2 $1" --sat_out_model none --time_out_real $2 $INP >> $3 )
./iprover_sine_single.sh: line 138: 22422 Killed                  ( ulimit -v $MEMLIM -s 300000; "$PROVER" --clausifier "$CLAUSIFIER" --clausifier_options "--mode clausify -t $2 $1" --sat_out_model none --time_out_real $2 $INP >> $3 )
./iprover_sine_single.sh: line 138: 22426 Killed                  ( ulimit -v $MEMLIM -s 300000; "$PROVER" --clausifier "$CLAUSIFIER" --clausifier_options "--mode clausify -t $2 $1" --sat_out_model none --time_out_real $2 $INP >> $3 )
USED TIME: 175.6 CPU 60.2 WC
Killed 4 orphans
 
% SZS status Ended for /shareddata/TPTP-v4.0.1/Problems/CSR/CSR080+4.p
 
 
% SZS status Started for /shareddata/TPTP-v4.0.1/Problems/CSR/CSR080+5.p
 
LTB.SMO Slices

Slice "-ss included -sd 0 -st 1.5" for 60 seconds

Slice "-ss included -sd 0 -st 3" for 60 seconds

Slice "-ss included -sd 2 -st 5 " for 60 seconds

Slice "-ss included -sd 6 -st 1.5" for 60 seconds








% SZS status GaveUp for /shareddata/TPTP-v4.0.1/Problems/CSR/CSR080+5.p
./iprover_sine_single.sh: line 138: 30283 Killed                  ( ulimit -v $MEMLIM -s 300000; "$PROVER" --clausifier "$CLAUSIFIER" --clausifier_options "--mode clausify -t $2 $1" --sat_out_model none --time_out_real $2 $INP >> $3 )
./iprover_sine_single.sh: line 138: 30285 Killed                  ( ulimit -v $MEMLIM -s 300000; "$PROVER" --clausifier "$CLAUSIFIER" --clausifier_options "--mode clausify -t $2 $1" --sat_out_model none --time_out_real $2 $INP >> $3 )
USED TIME: 179.1 CPU 60.4 WC
Killed 2 orphans
 
% SZS status Ended for /shareddata/TPTP-v4.0.1/Problems/CSR/CSR080+5.p
 
 
% SZS status Started for /shareddata/TPTP-v4.0.1/Problems/CSR/CSR080+6.p
 
LTB.SMO Slices

Slice "-ss included -sd 0 -st 1.5" for 60 seconds

Slice "-ss included -sd 0 -st 3" for 60 seconds




Slice "-ss included -sd 2 -st 5 " for 60 seconds

Slice "-ss included -sd 6 -st 1.5" for 60 seconds




% SZS status GaveUp for /shareddata/TPTP-v4.0.1/Problems/CSR/CSR080+6.p
./iprover_sine_single.sh: line 138:  5418 Killed                  ( ulimit -v $MEMLIM -s 300000; "$PROVER" --clausifier "$CLAUSIFIER" --clausifier_options "--mode clausify -t $2 $1" --sat_out_model none --time_out_real $2 $INP >> $3 )
./iprover_sine_single.sh: line 138:  5420 Killed                  ( ulimit -v $MEMLIM -s 300000; "$PROVER" --clausifier "$CLAUSIFIER" --clausifier_options "--mode clausify -t $2 $1" --sat_out_model none --time_out_real $2 $INP >> $3 )
./iprover_sine_single.sh: line 138:  5424 Killed                  ( ulimit -v $MEMLIM -s 300000; "$PROVER" --clausifier "$CLAUSIFIER" --clausifier_options "--mode clausify -t $2 $1" --sat_out_model none --time_out_real $2 $INP >> $3 )
./iprover_sine_single.sh: line 138:  5426 Killed                  ( ulimit -v $MEMLIM -s 300000; "$PROVER" --clausifier "$CLAUSIFIER" --clausifier_options "--mode clausify -t $2 $1" --sat_out_model none --time_out_real $2 $INP >> $3 )
USED TIME: 176.1 CPU 60.2 WC
Killed 4 orphans
 
% SZS status Ended for /shareddata/TPTP-v4.0.1/Problems/CSR/CSR080+6.p
 
 
% SZS status Started for /shareddata/TPTP-v4.0.1/Problems/CSR/CSR081+1.p
 
LTB.SMO Slices

Slice "-ss included -sd 0 -st 1.5" for 60 seconds



Slice "-ss included -sd 0 -st 3" for 60 seconds

Slice "-ss included -sd 2 -st 5 " for 60 seconds


Slice "-ss included -sd 6 -st 1.5" for 60 seconds





% SZS status Theorem for /shareddata/TPTP-v4.0.1/Problems/CSR/CSR081+1.p
./iprover_sine_single.sh: line 138: 13040 Killed                  ( ulimit -v $MEMLIM -s 300000; "$PROVER" --clausifier "$CLAUSIFIER" --clausifier_options "--mode clausify -t $2 $1" --sat_out_model none --time_out_real $2 $INP >> $3 )
./iprover_sine_single.sh: line 138: 13058 Killed                  ( ulimit -v $MEMLIM -s 300000; "$PROVER" --clausifier "$CLAUSIFIER" --clausifier_options "--mode clausify -t $2 $1" --sat_out_model none --time_out_real $2 $INP >> $3 )
./iprover_sine_single.sh: line 138: 13085 Killed                  ( ulimit -v $MEMLIM -s 300000; "$PROVER" --clausifier "$CLAUSIFIER" --clausifier_options "--mode clausify -t $2 $1" --sat_out_model none --time_out_real $2 $INP >> $3 )
USED TIME: 0.5 CPU 1.2 WC
Killed 3 orphans
 
% SZS status Ended for /shareddata/TPTP-v4.0.1/Problems/CSR/CSR081+1.p
 
 
% SZS status Started for /shareddata/TPTP-v4.0.1/Problems/CSR/CSR081+2.p
 
LTB.SMO Slices

Slice "-ss included -sd 0 -st 1.5" for 60 seconds

Slice "-ss included -sd 0 -st 3" for 60 seconds





Slice "-ss included -sd 2 -st 5 " for 60 seconds

Slice "-ss included -sd 6 -st 1.5" for 60 seconds




% SZS status Theorem for /shareddata/TPTP-v4.0.1/Problems/CSR/CSR081+2.p
./iprover_sine_single.sh: line 138: 13379 Killed                  ( ulimit -v $MEMLIM -s 300000; "$PROVER" --clausifier "$CLAUSIFIER" --clausifier_options "--mode clausify -t $2 $1" --sat_out_model none --time_out_real $2 $INP >> $3 )
./iprover_sine_single.sh: line 138: 13381 Killed                  ( ulimit -v $MEMLIM -s 300000; "$PROVER" --clausifier "$CLAUSIFIER" --clausifier_options "--mode clausify -t $2 $1" --sat_out_model none --time_out_real $2 $INP >> $3 )
USED TIME: 1.9 CPU 1.6 WC
Killed 2 orphans
 
% SZS status Ended for /shareddata/TPTP-v4.0.1/Problems/CSR/CSR081+2.p
 
 
% SZS status Started for /shareddata/TPTP-v4.0.1/Problems/CSR/CSR081+3.p
 
LTB.SMO Slices

Slice "-ss included -sd 0 -st 1.5" for 60 seconds

Slice "-ss included -sd 0 -st 3" for 60 seconds

Slice "-ss included -sd 2 -st 5 " for 60 seconds

Slice "-ss included -sd 6 -st 1.5" for 60 seconds








% SZS status Theorem for /shareddata/TPTP-v4.0.1/Problems/CSR/CSR081+3.p
./iprover_sine_single.sh: line 138: 14420 Killed                  ( ulimit -v $MEMLIM -s 300000; "$PROVER" --clausifier "$CLAUSIFIER" --clausifier_options "--mode clausify -t $2 $1" --sat_out_model none --time_out_real $2 $INP >> $3 )
./iprover_sine_single.sh: line 138: 14422 Killed                  ( ulimit -v $MEMLIM -s 300000; "$PROVER" --clausifier "$CLAUSIFIER" --clausifier_options "--mode clausify -t $2 $1" --sat_out_model none --time_out_real $2 $INP >> $3 )
./iprover_sine_single.sh: line 138: 14425 Killed                  ( ulimit -v $MEMLIM -s 300000; "$PROVER" --clausifier "$CLAUSIFIER" --clausifier_options "--mode clausify -t $2 $1" --sat_out_model none --time_out_real $2 $INP >> $3 )
USED TIME: 4.9 CPU 5.7 WC
Killed 3 orphans
 
% SZS status Ended for /shareddata/TPTP-v4.0.1/Problems/CSR/CSR081+3.p
 
 
% SZS status Started for /shareddata/TPTP-v4.0.1/Problems/CSR/CSR081+4.p
 
LTB.SMO Slices

Slice "-ss included -sd 0 -st 1.5" for 60 seconds

Slice "-ss included -sd 0 -st 3" for 60 seconds

Slice "-ss included -sd 2 -st 5 " for 60 seconds



Slice "-ss included -sd 6 -st 1.5" for 60 seconds





Slice "-ss included -sd 8 -st 2" for 60 seconds


% SZS status Theorem for /shareddata/TPTP-v4.0.1/Problems/CSR/CSR081+4.p
./iprover_sine_single.sh: line 138: 15698 Killed                  ( ulimit -v $MEMLIM -s 300000; "$PROVER" --clausifier "$CLAUSIFIER" --clausifier_options "--mode clausify -t $2 $1" --sat_out_model none --time_out_real $2 $INP >> $3 )
./iprover_sine_single.sh: line 138: 15700 Killed                  ( ulimit -v $MEMLIM -s 300000; "$PROVER" --clausifier "$CLAUSIFIER" --clausifier_options "--mode clausify -t $2 $1" --sat_out_model none --time_out_real $2 $INP >> $3 )
./iprover_sine_single.sh: line 138: 15782 Killed                  ( ulimit -v $MEMLIM -s 300000; "$PROVER" --clausifier "$CLAUSIFIER" --clausifier_options "--mode clausify -t $2 $1" --sat_out_model none --time_out_real $2 $INP >> $3 )
WARNING: TreeLimitedRun lost 22.14s, total lost is 22.14s
USED TIME: 34.0 CPU 12.3 WC
Killed 3 orphans
 
% SZS status Ended for /shareddata/TPTP-v4.0.1/Problems/CSR/CSR081+4.p
 
 
% SZS status Started for /shareddata/TPTP-v4.0.1/Problems/CSR/CSR081+5.p
 
LTB.SMO Slices

Slice "-ss included -sd 0 -st 1.5" for 60 seconds

Slice "-ss included -sd 0 -st 3" for 60 seconds

Slice "-ss included -sd 2 -st 5 " for 60 seconds



Slice "-ss included -sd 6 -st 1.5" for 60 seconds






Slice "-ss included -sd 8 -st 2" for 60 seconds


% SZS status GaveUp for /shareddata/TPTP-v4.0.1/Problems/CSR/CSR081+5.p
./iprover_sine_single.sh: line 138: 18456 Killed                  ( ulimit -v $MEMLIM -s 300000; "$PROVER" --clausifier "$CLAUSIFIER" --clausifier_options "--mode clausify -t $2 $1" --sat_out_model none --time_out_real $2 $INP >> $3 )
./iprover_sine_single.sh: line 138: 18458 Killed                  ( ulimit -v $MEMLIM -s 300000; "$PROVER" --clausifier "$CLAUSIFIER" --clausifier_options "--mode clausify -t $2 $1" --sat_out_model none --time_out_real $2 $INP >> $3 )
./iprover_sine_single.sh: line 138: 18463 Killed                  ( ulimit -v $MEMLIM -s 300000; "$PROVER" --clausifier "$CLAUSIFIER" --clausifier_options "--mode clausify -t $2 $1" --sat_out_model none --time_out_real $2 $INP >> $3 )
./iprover_sine_single.sh: line 138: 18473 Killed                  ( ulimit -v $MEMLIM -s 300000; "$PROVER" --clausifier "$CLAUSIFIER" --clausifier_options "--mode clausify -t $2 $1" --sat_out_model none --time_out_real $2 $INP >> $3 )
USED TIME: 180.2 CPU 60.3 WC
Killed 4 orphans
 
% SZS status Ended for /shareddata/TPTP-v4.0.1/Problems/CSR/CSR081+5.p
 
 
% SZS status Started for /shareddata/TPTP-v4.0.1/Problems/CSR/CSR081+6.p
 
LTB.SMO Slices

Slice "-ss included -sd 0 -st 1.5" for 60 seconds

Slice "-ss included -sd 0 -st 3" for 60 seconds

Slice "-ss included -sd 2 -st 5 " for 60 seconds

Slice "-ss included -sd 6 -st 1.5" for 60 seconds









Slice "-ss included -sd 8 -st 2" for 60 seconds


% SZS status GaveUp for /shareddata/TPTP-v4.0.1/Problems/CSR/CSR081+6.p
./iprover_sine_single.sh: line 138: 24777 Killed                  ( ulimit -v $MEMLIM -s 300000; "$PROVER" --clausifier "$CLAUSIFIER" --clausifier_options "--mode clausify -t $2 $1" --sat_out_model none --time_out_real $2 $INP >> $3 )
./iprover_sine_single.sh: line 138: 24779 Killed                  ( ulimit -v $MEMLIM -s 300000; "$PROVER" --clausifier "$CLAUSIFIER" --clausifier_options "--mode clausify -t $2 $1" --sat_out_model none --time_out_real $2 $INP >> $3 )
./iprover_sine_single.sh: line 138: 24782 Killed                  ( ulimit -v $MEMLIM -s 300000; "$PROVER" --clausifier "$CLAUSIFIER" --clausifier_options "--mode clausify -t $2 $1" --sat_out_model none --time_out_real $2 $INP >> $3 )
./iprover_sine_single.sh: line 138: 25147 Killed                  ( ulimit -v $MEMLIM -s 300000; "$PROVER" --clausifier "$CLAUSIFIER" --clausifier_options "--mode clausify -t $2 $1" --sat_out_model none --time_out_real $2 $INP >> $3 )
USED TIME: 166.6 CPU 60.2 WC
Killed 4 orphans
